0 info it worked if it ends with ok
1 verbose cli [ '/usr/bin/node', '/usr/bin/npm', 'install', '-g', 'prettier' ]
2 info using npm@3.10.10
3 info using node@v6.12.0
4 silly loadCurrentTree Starting
5 silly install loadCurrentTree
6 silly install readGlobalPackageData
7 silly fetchPackageMetaData prettier
8 silly fetchNamedPackageData prettier
9 silly mapToRegistry name prettier
10 silly mapToRegistry using default registry
11 silly mapToRegistry registry https://registry.npmjs.org/
12 silly mapToRegistry data Result {
12 silly mapToRegistry   raw: 'prettier',
12 silly mapToRegistry   scope: null,
12 silly mapToRegistry   escapedName: 'prettier',
12 silly mapToRegistry   name: 'prettier',
12 silly mapToRegistry   rawSpec: '',
12 silly mapToRegistry   spec: 'latest',
12 silly mapToRegistry   type: 'tag' }
13 silly mapToRegistry uri https://registry.npmjs.org/prettier
14 verbose request uri https://registry.npmjs.org/prettier
15 verbose request no auth needed
16 info attempt registry request try #1 at 5:01:25 PM
17 verbose request using bearer token for auth
18 verbose request id b5f82579bda18706
19 verbose etag W/"5a052611-1b6d9"
20 verbose lastModified Fri, 10 Nov 2017 04:07:45 GMT
21 http request GET https://registry.npmjs.org/prettier
22 http 304 https://registry.npmjs.org/prettier
23 verbose headers { server: 'nginx/1.10.1',
23 verbose headers   'last-modified': 'Fri, 10 Nov 2017 04:07:45 GMT',
23 verbose headers   etag: '"5a052611-1b6d9"',
23 verbose headers   'cache-control': 'max-age=300',
23 verbose headers   'accept-ranges': 'bytes',
23 verbose headers   date: 'Thu, 16 Nov 2017 22:01:25 GMT',
23 verbose headers   via: '1.1 varnish',
23 verbose headers   connection: 'keep-alive',
23 verbose headers   'x-served-by': 'cache-dca17736-DCA',
23 verbose headers   'x-cache': 'MISS',
23 verbose headers   'x-cache-hits': '0',
23 verbose headers   'x-timer': 'S1510869686.507446,VS0,VE7',
23 verbose headers   vary: 'Accept-Encoding, Accept' }
24 silly get cb [ 304,
24 silly get   { server: 'nginx/1.10.1',
24 silly get     'last-modified': 'Fri, 10 Nov 2017 04:07:45 GMT',
24 silly get     etag: '"5a052611-1b6d9"',
24 silly get     'cache-control': 'max-age=300',
24 silly get     'accept-ranges': 'bytes',
24 silly get     date: 'Thu, 16 Nov 2017 22:01:25 GMT',
24 silly get     via: '1.1 varnish',
24 silly get     connection: 'keep-alive',
24 silly get     'x-served-by': 'cache-dca17736-DCA',
24 silly get     'x-cache': 'MISS',
24 silly get     'x-cache-hits': '0',
24 silly get     'x-timer': 'S1510869686.507446,VS0,VE7',
24 silly get     vary: 'Accept-Encoding, Accept' } ]
25 verbose etag https://registry.npmjs.org/prettier from cache
26 verbose get saving prettier to /home/j/.npm/registry.npmjs.org/prettier/.cache.json
27 verbose correctMkdir /home/j/.npm correctMkdir not in flight; initializing
28 silly install normalizeTree
29 silly loadCurrentTree Finishing
30 silly loadIdealTree Starting
31 silly install loadIdealTree
32 silly cloneCurrentTree Starting
33 silly install cloneCurrentTreeToIdealTree
34 silly cloneCurrentTree Finishing
35 silly loadShrinkwrap Starting
36 silly install loadShrinkwrap
37 silly loadShrinkwrap Finishing
38 silly loadAllDepsIntoIdealTree Starting
39 silly install loadAllDepsIntoIdealTree
40 silly resolveWithNewModule prettier@1.8.2 checking installable status
41 silly cache add args [ 'prettier', null ]
42 verbose cache add spec prettier
43 silly cache add parsed spec Result {
43 silly cache add   raw: 'prettier',
43 silly cache add   scope: null,
43 silly cache add   escapedName: 'prettier',
43 silly cache add   name: 'prettier',
43 silly cache add   rawSpec: '',
43 silly cache add   spec: 'latest',
43 silly cache add   type: 'tag' }
44 silly addNamed prettier@latest
45 verbose addNamed "latest" is being treated as a dist-tag for prettier
46 info addNameTag [ 'prettier', 'latest' ]
47 silly mapToRegistry name prettier
48 silly mapToRegistry using default registry
49 silly mapToRegistry registry https://registry.npmjs.org/
50 silly mapToRegistry data Result {
50 silly mapToRegistry   raw: 'prettier',
50 silly mapToRegistry   scope: null,
50 silly mapToRegistry   escapedName: 'prettier',
50 silly mapToRegistry   name: 'prettier',
50 silly mapToRegistry   rawSpec: '',
50 silly mapToRegistry   spec: 'latest',
50 silly mapToRegistry   type: 'tag' }
51 silly mapToRegistry uri https://registry.npmjs.org/prettier
52 verbose addNameTag registry:https://registry.npmjs.org/prettier not in flight; fetching
53 verbose get https://registry.npmjs.org/prettier not expired, no request
54 silly addNameTag next cb for prettier with tag latest
55 silly addNamed prettier@1.8.2
56 verbose addNamed "1.8.2" is a plain semver version for prettier
57 silly cache afterAdd prettier@1.8.2
58 verbose afterAdd /home/j/.npm/prettier/1.8.2/package/package.json not in flight; writing
59 verbose correctMkdir /home/j/.npm correctMkdir not in flight; initializing
60 verbose afterAdd /home/j/.npm/prettier/1.8.2/package/package.json written
61 silly loadAllDepsIntoIdealTree Finishing
62 silly loadIdealTree Finishing
63 silly currentTree lib
63 silly currentTree └── prettier@1.8.2
64 silly idealTree lib
64 silly idealTree └── prettier@1.8.2
65 silly generateActionsToTake Starting
66 silly install generateActionsToTake
67 warn checkPermissions Missing write access to /usr/lib/node_modules/prettier
68 warn checkPermissions Missing write access to /usr/lib/node_modules
69 silly rollbackFailedOptional Starting
70 silly rollbackFailedOptional Finishing
71 silly runTopLevelLifecycles Finishing
72 silly install printInstalled
73 verbose stack Error: EACCES: permission denied, access '/usr/lib/node_modules/prettier'
73 verbose stack     at Error (native)
74 verbose cwd /home/j/viking/project_github_commit_feed
75 error Linux 4.4.0-59-generic
76 error argv "/usr/bin/node" "/usr/bin/npm" "install" "-g" "prettier"
77 error node v6.12.0
78 error npm  v3.10.10
79 error path /usr/lib/node_modules/prettier
80 error code EACCES
81 error errno -13
82 error syscall access
83 error Error: EACCES: permission denied, access '/usr/lib/node_modules/prettier'
83 error     at Error (native)
83 error  { Error: EACCES: permission denied, access '/usr/lib/node_modules/prettier'
83 error     at Error (native)
83 error   errno: -13,
83 error   code: 'EACCES',
83 error   syscall: 'access',
83 error   path: '/usr/lib/node_modules/prettier' }
84 error Please try running this command again as root/Administrator.
85 verbose exit [ -13, true ]
